Performing C SOURCE FILE Test CMAKE_HAVE_LIBC_PTHREAD failed with the following output:
Change Dir: /mnt/nfs/homes/wlo/ft_containers/build/CMakeFiles/CMakeTmp

Run Build Command(s):/usr/bin/make cmTC_a8e93/fast && make[1]: Entering directory '/mnt/nfs/homes/wlo/ft_containers/build/CMakeFiles/CMakeTmp'
/usr/bin/make -f CMakeFiles/cmTC_a8e93.dir/build.make CMakeFiles/cmTC_a8e93.dir/build
make[2]: Entering directory '/mnt/nfs/homes/wlo/ft_containers/build/CMakeFiles/CMakeTmp'
Building C object CMakeFiles/cmTC_a8e93.dir/src.c.o
/usr/bin/cc   -DCMAKE_HAVE_LIBC_PTHREAD   -o CMakeFiles/cmTC_a8e93.dir/src.c.o   -c /mnt/nfs/homes/wlo/ft_containers/build/CMakeFiles/CMakeTmp/src.c
Linking C executable cmTC_a8e93
/usr/bin/cmake -E cmake_link_script CMakeFiles/cmTC_a8e93.dir/link.txt --verbose=1
/usr/bin/cc  -DCMAKE_HAVE_LIBC_PTHREAD    CMakeFiles/cmTC_a8e93.dir/src.c.o  -o cmTC_a8e93 
/usr/bin/ld: CMakeFiles/cmTC_a8e93.dir/src.c.o: in function `main':
src.c:(.text+0x35): undefined reference to `pthread_create'
/usr/bin/ld: src.c:(.text+0x3e): undefined reference to `pthread_detach'
/usr/bin/ld: src.c:(.text+0x4b): undefined reference to `pthread_join'
clang: error: linker command failed with exit code 1 (use -v to see invocation)
make[2]: *** [CMakeFiles/cmTC_a8e93.dir/build.make:87: cmTC_a8e93] Error 1
make[2]: Leaving directory '/mnt/nfs/homes/wlo/ft_containers/build/CMakeFiles/CMakeTmp'
make[1]: *** [Makefile:121: cmTC_a8e93/fast] Error 2
make[1]: Leaving directory '/mnt/nfs/homes/wlo/ft_containers/build/CMakeFiles/CMakeTmp'


Source file was:
#include <pthread.h>

void* test_func(void* data)
{
  return data;
}

int main(void)
{
  pthread_t thread;
  pthread_create(&thread, NULL, test_func, NULL);
  pthread_detach(thread);
  pthread_join(thread, NULL);
  pthread_atfork(NULL, NULL, NULL);
  pthread_exit(NULL);

  return 0;
}

Determining if the function pthread_create exists in the pthreads failed with the following output:
Change Dir: /mnt/nfs/homes/wlo/ft_containers/build/CMakeFiles/CMakeTmp

Run Build Command(s):/usr/bin/make cmTC_db64b/fast && make[1]: Entering directory '/mnt/nfs/homes/wlo/ft_containers/build/CMakeFiles/CMakeTmp'
/usr/bin/make -f CMakeFiles/cmTC_db64b.dir/build.make CMakeFiles/cmTC_db64b.dir/build
make[2]: Entering directory '/mnt/nfs/homes/wlo/ft_containers/build/CMakeFiles/CMakeTmp'
Building C object CMakeFiles/cmTC_db64b.dir/CheckFunctionExists.c.o
/usr/bin/cc   -DCHECK_FUNCTION_EXISTS=pthread_create   -o CMakeFiles/cmTC_db64b.dir/CheckFunctionExists.c.o   -c /usr/share/cmake-3.16/Modules/CheckFunctionExists.c
Linking C executable cmTC_db64b
/usr/bin/cmake -E cmake_link_script CMakeFiles/cmTC_db64b.dir/link.txt --verbose=1
/usr/bin/cc  -DCHECK_FUNCTION_EXISTS=pthread_create    CMakeFiles/cmTC_db64b.dir/CheckFunctionExists.c.o  -o cmTC_db64b  -lpthreads 
/usr/bin/ld: cannot find -lpthreads
clang: error: linker command failed with exit code 1 (use -v to see invocation)
make[2]: *** [CMakeFiles/cmTC_db64b.dir/build.make:87: cmTC_db64b] Error 1
make[2]: Leaving directory '/mnt/nfs/homes/wlo/ft_containers/build/CMakeFiles/CMakeTmp'
make[1]: *** [Makefile:121: cmTC_db64b/fast] Error 2
make[1]: Leaving directory '/mnt/nfs/homes/wlo/ft_containers/build/CMakeFiles/CMakeTmp'



